{
  "RSpec": {
    "coverage": {
      "/Users/seanedwards/Makers/january/week-9/bank_tech_test/spec/account_spec.rb": {
        "lines": [
          null,
          null,
          1,
          6,
          null,
          2,
          null,
          1,
          1,
          1,
          1,
          null,
          null,
          1,
          1,
          1,
          1,
          1,
          null,
          null,
          null,
          1,
          1,
          1,
          1,
          1,
          null,
          null,
          1,
          2,
          null,
          null,
          1,
          1,
          1,
          1,
          1,
          1,
          null,
          null,
          null
        ]
      },
      "/Users/seanedwards/Makers/january/week-9/bank_tech_test/spec/feature_spec.rb": {
        "lines": [
          1,
          5,
          4,
          null,
          1,
          1,
          null,
          1,
          2,
          null,
          null,
          1,
          1,
          null,
          1,
          2,
          null,
          null,
          1,
          2,
          null,
          null,
          1,
          1,
          1,
          1,
          null,
          1,
          null,
          null,
          2,
          null,
          null
        ]
      },
      "/Users/seanedwards/Makers/january/week-9/bank_tech_test/spec/statement_spec.rb": {
        "lines": [
          null,
          null,
          1,
          2,
          2,
          2,
          2,
          null,
          1,
          1,
          1,
          1,
          null,
          null,
          null,
          null
        ]
      },
      "/Users/seanedwards/Makers/january/week-9/bank_tech_test/spec/transaction_spec.rb": {
        "lines": [
          null,
          null,
          1,
          2,
          null,
          1,
          1,
          1,
          1,
          null,
          null
        ]
      }
    },
    "timestamp": 1615302871
  }
}
